<?xml version="1.0" encoding="UTF-8"?>
<!-- Generated by org.testng.reporters.JUnitXMLReporter -->
<testsuite ignored="0" hostname="DESKTOP-UENSRFT" failures="0" tests="6" name="Test" time="0.102" errors="0" timestamp="2022-06-16T08:07:50 IST">
  <testcase classname="qaclickacademy.Mavenjava.RestAPITest" name="deleteTwitter" time="0.01"/>
  <testcase classname="qaclickacademy.Mavenjava.RestAPITest" name="postJira" time="0.001"/>
  <testcase classname="qaclickacademy.Mavenjava.AppiumTest" name="IOSApps" time="0.001"/>
  <testcase classname="qaclickacademy.Mavenjava.AppiumTest" name="NativeAppAndriod" time="0.002"/>
  <testcase classname="qaclickacademy.Mavenjava.SeleniumTest" name="BrowserAutomation" time="0.0"/>
  <testcase classname="qaclickacademy.Mavenjava.SeleniumTest" name="elementUI" time="0.001"/>
</testsuite> <!-- Test -->
