<?xml version="1.0" encoding="UTF-8"?>
<testng-results ignored="0" total="6" passed="6" failed="0" skipped="0">
  <reporter-output>
  </reporter-output>
  <suite started-at="2022-06-16T08:07:50 IST" name="Suite" finished-at="2022-06-16T08:07:50 IST" duration-ms="102">
    <groups>
    </groups>
    <test started-at="2022-06-16T08:07:50 IST" name="Test" finished-at="2022-06-16T08:07:50 IST" duration-ms="102">
      <class name="qaclickacademy.Mavenjava.RestAPITest">
        <test-method signature="deleteTwitter()[pri:0, instance:qaclickacademy.Mavenjava.RestAPITest@3f6b0be5]" started-at="2022-06-16T08:07:50 IST" name="deleteTwitter" finished-at="2022-06-16T08:07:50 IST" duration-ms="10" status="PASS">
          <reporter-output>
          </reporter-output>
        </test-method> <!-- deleteTwitter -->
        <test-method signature="postJira()[pri:0, instance:qaclickacademy.Mavenjava.RestAPITest@3f6b0be5]" started-at="2022-06-16T08:07:50 IST" name="postJira" finished-at="2022-06-16T08:07:50 IST" duration-ms="1" status="PASS">
          <reporter-output>
          </reporter-output>
        </test-method> <!-- postJira -->
      </class> <!-- qaclickacademy.Mavenjava.RestAPITest -->
      <class name="qaclickacademy.Mavenjava.AppiumTest">
        <test-method signature="IOSApps()[pri:0, instance:qaclickacademy.Mavenjava.AppiumTest@4fb3ee4e]" started-at="2022-06-16T08:07:50 IST" name="IOSApps" finished-at="2022-06-16T08:07:50 IST" duration-ms="1" status="PASS">
          <reporter-output>
          </reporter-output>
        </test-method> <!-- IOSApps -->
        <test-method signature="NativeAppAndriod()[pri:0, instance:qaclickacademy.Mavenjava.AppiumTest@4fb3ee4e]" started-at="2022-06-16T08:07:50 IST" name="NativeAppAndriod" finished-at="2022-06-16T08:07:50 IST" duration-ms="2" status="PASS">
          <reporter-output>
          </reporter-output>
        </test-method> <!-- NativeAppAndriod -->
      </class> <!-- qaclickacademy.Mavenjava.AppiumTest -->
      <class name="qaclickacademy.Mavenjava.SeleniumTest">
        <test-method signature="BrowserAutomation()[pri:0, instance:qaclickacademy.Mavenjava.SeleniumTest@5d7148e2]" started-at="2022-06-16T08:07:50 IST" name="BrowserAutomation" finished-at="2022-06-16T08:07:50 IST" duration-ms="0" status="PASS">
          <reporter-output>
          </reporter-output>
        </test-method> <!-- BrowserAutomation -->
        <test-method signature="elementUI()[pri:0, instance:qaclickacademy.Mavenjava.SeleniumTest@5d7148e2]" started-at="2022-06-16T08:07:50 IST" name="elementUI" finished-at="2022-06-16T08:07:50 IST" duration-ms="1" status="PASS">
          <reporter-output>
          </reporter-output>
        </test-method> <!-- elementUI -->
      </class> <!-- qaclickacademy.Mavenjava.SeleniumTest -->
    </test> <!-- Test -->
  </suite> <!-- Suite -->
</testng-results>
